<?xml version="1.0" encoding="UTF-8" ?>

<testsuite failures="0" time="0.014" errors="0" skipped="0" tests="2" name="UserTest">
  <testcase classname="UserTest" name="testFind" time="0.007">
      </testcase>
  <testcase classname="UserTest" name="testCreate" time="0.007">
      </testcase>
</testsuite>
