<?xml version="1.0" encoding="UTF-8" ?>

<testsuite failures="0" time="0.001" errors="0" skipped="0" tests="1" name="PromotionTest">
  <testcase classname="PromotionTest" name="testCreate" time="0.001">
      </testcase>
</testsuite>
